<?xml version="1.0" encoding="UTF-8"?>
<testsuite xmlns:xsi="http://www.w3.org/2001/XMLSchema-instance" xsi:noNamespaceSchemaLocation="https://maven.apache.org/surefire/maven-surefire-plugin/xsd/surefire-test-report-3.0.xsd" version="3.0" name="org.acme.getting.started.knative.GreetingResourceTest" time="8.261" tests="1" errors="0" skipped="0" failures="0">
  <properties>
[...]
</properties>
  <testcase name="testHelloEndpoint" classname="org.acme.getting.started.knative.GreetingResourceTest" time="1.796">
    <system-out><![CDATA[2021-07-10 23:24:52,835 INFO  [io.quarkus] (main) Quarkus 2.0.1.Final on JVM started in 2.536s. Listening on: http://localhost:8081
2021-07-10 23:24:52,839 INFO  [io.quarkus] (main) Profile test activated. 
2021-07-10 23:24:52,839 INFO  [io.quarkus] (main) Installed features: [cdi, resteasy, resteasy-jackson, resteasy-jsonb, smallrye-context-propagation, smallrye-health]
]]></system-out>
  </testcase>
</testsuite>